actionid: tox
msg: packaging
cmdargs: ['/Users/deebeat/.virtualenvs/py_tests/bin/python', local('/Users/deebeat/savannah_informatics/training/tests/python/mergesort_karanja/setup.py'), 'sdist', '--formats=zip', '--dist-dir', local('/Users/deebeat/savannah_informatics/training/tests/python/mergesort_karanja/.tox/dist')]
env: None

running sdist
running egg_info
writing requirements to merge_sort.egg-info/requires.txt
writing merge_sort.egg-info/PKG-INFO
writing top-level names to merge_sort.egg-info/top_level.txt
writing dependency_links to merge_sort.egg-info/dependency_links.txt
reading manifest file 'merge_sort.egg-info/SOURCES.txt'
writing manifest file 'merge_sort.egg-info/SOURCES.txt'
warning: sdist: standard file not found: should have one of README, README.rst, README.txt

running check
warning: check: missing required meta-data: url

creating merge_sort-1.0.0
creating merge_sort-1.0.0/merge_sort.egg-info
making hard links in merge_sort-1.0.0...
hard linking setup.py -> merge_sort-1.0.0
hard linking merge_sort.egg-info/PKG-INFO -> merge_sort-1.0.0/merge_sort.egg-info
hard linking merge_sort.egg-info/SOURCES.txt -> merge_sort-1.0.0/merge_sort.egg-info
hard linking merge_sort.egg-info/dependency_links.txt -> merge_sort-1.0.0/merge_sort.egg-info
hard linking merge_sort.egg-info/requires.txt -> merge_sort-1.0.0/merge_sort.egg-info
hard linking merge_sort.egg-info/top_level.txt -> merge_sort-1.0.0/merge_sort.egg-info
Writing merge_sort-1.0.0/setup.cfg
creating '.tox/dist/merge_sort-1.0.0.zip' and adding 'merge_sort-1.0.0' to it
adding 'merge_sort-1.0.0/PKG-INFO'
adding 'merge_sort-1.0.0/setup.cfg'
adding 'merge_sort-1.0.0/setup.py'
adding 'merge_sort-1.0.0/merge_sort.egg-info/dependency_links.txt'
adding 'merge_sort-1.0.0/merge_sort.egg-info/PKG-INFO'
adding 'merge_sort-1.0.0/merge_sort.egg-info/requires.txt'
adding 'merge_sort-1.0.0/merge_sort.egg-info/SOURCES.txt'
adding 'merge_sort-1.0.0/merge_sort.egg-info/top_level.txt'
removing 'merge_sort-1.0.0' (and everything under it)
